[debug] [2025-11-13T03:48:32.374Z] ----------------------------------------------------------------------
[debug] [2025-11-13T03:48:32.377Z] Command:       Z:\Programs\Node\node.exe C:\Users\Mark\AppData\Roaming\npm\node_modules\firebase-tools\lib\bin\firebase.js init
[debug] [2025-11-13T03:48:32.377Z] CLI Version:   14.24.2
[debug] [2025-11-13T03:48:32.377Z] Platform:      win32
[debug] [2025-11-13T03:48:32.377Z] Node Version:  v24.11.1
[debug] [2025-11-13T03:48:32.377Z] Time:          Thu Nov 13 2025 00:48:32 GMT-0300 (Brasilia Standard Time)
[debug] [2025-11-13T03:48:32.377Z] ----------------------------------------------------------------------
[debug] 
[info] 
     ######## #### ########  ######## ########     ###     ######  ########
     ##        ##  ##     ## ##       ##     ##  ##   ##  ##       ##
     ######    ##  ########  ######   ########  #########  ######  ######
     ##        ##  ##    ##  ##       ##     ## ##     ##       ## ##
     ##       #### ##     ## ######## ########  ##     ##  ######  ########

You're about to initialize a Firebase project in this directory:

  C:\Users\Mark\Documents\GitHub\Internship-Infos

[info] 
=== Project Setup
[info] 
[info] First, let's associate this project directory with a Firebase project.
[info] You can create multiple project aliases by running firebase use --add, 
[info] 
[debug] [2025-11-13T03:49:40.740Z] > command requires scopes: ["email","openid","https://www.googleapis.com/auth/cloudplatformprojects.readonly","https://www.googleapis.com/auth/firebase","https://www.googleapis.com/auth/cloud-platform"]
[debug] [2025-11-13T03:49:40.741Z] > authorizing via signed-in user (viniciusbrbs22@gmail.com)
[debug] [2025-11-13T03:49:40.741Z] Checked if tokens are valid: true, expires at: 1763009299065
[debug] [2025-11-13T03:49:40.742Z] Checked if tokens are valid: true, expires at: 1763009299065
[debug] [2025-11-13T03:49:40.743Z] >>> [apiv2][query] GET https://firebase.googleapis.com/v1beta1/projects pageSize=100
[debug] [2025-11-13T03:49:41.682Z] <<< [apiv2][status] GET https://firebase.googleapis.com/v1beta1/projects 200
[debug] [2025-11-13T03:49:41.682Z] <<< [apiv2][body] GET https://firebase.googleapis.com/v1beta1/projects [omitted]
[info] 
=== Firestore Setup
[info] i  firestore: ensuring required API firestore.googleapis.com is enabled... 
[debug] [2025-11-13T03:49:45.994Z] Checked if tokens are valid: true, expires at: 1763009299065
[debug] [2025-11-13T03:49:45.994Z] Checked if tokens are valid: true, expires at: 1763009299065
[debug] [2025-11-13T03:49:45.994Z] >>> [apiv2][query] GET https://serviceusage.googleapis.com/v1/projects/internship-infos/services/firestore.googleapis.com [none]
[debug] [2025-11-13T03:49:45.994Z] >>> [apiv2][(partial)header] GET https://serviceusage.googleapis.com/v1/projects/internship-infos/services/firestore.googleapis.com x-goog-quota-user=projects/internship-infos
[debug] [2025-11-13T03:49:47.300Z] <<< [apiv2][status] GET https://serviceusage.googleapis.com/v1/projects/internship-infos/services/firestore.googleapis.com 200
[debug] [2025-11-13T03:49:47.300Z] <<< [apiv2][body] GET https://serviceusage.googleapis.com/v1/projects/internship-infos/services/firestore.googleapis.com [omitted]
[info] +  firestore: required API firestore.googleapis.com is enabled 
[debug] [2025-11-13T03:49:47.311Z] Checked if tokens are valid: true, expires at: 1763009299065
[debug] [2025-11-13T03:49:47.311Z] Checked if tokens are valid: true, expires at: 1763009299065
[debug] [2025-11-13T03:49:47.311Z] >>> [apiv2][query] GET https://firestore.googleapis.com/v1/projects/internship-infos/databases [none]
[debug] [2025-11-13T03:49:47.918Z] <<< [apiv2][status] GET https://firestore.googleapis.com/v1/projects/internship-infos/databases 200
[debug] [2025-11-13T03:49:47.919Z] <<< [apiv2][body] GET https://firestore.googleapis.com/v1/projects/internship-infos/databases {"databases":[{"name":"projects/internship-infos/databases/(default)","uid":"d6286443-d13a-4a63-9893-a77f41bfe1ab","createTime":"2025-11-13T03:36:27.577848Z","updateTime":"2025-11-13T03:36:27.577848Z","locationId":"southamerica-east1","type":"FIRESTORE_NATIVE","concurrencyMode":"PESSIMISTIC","versionRetentionPeriod":"3600s","earliestVersionTime":"2025-11-13T03:36:27.577848Z","appEngineIntegrationMode":"DISABLED","keyPrefix":"i","pointInTimeRecoveryEnablement":"POINT_IN_TIME_RECOVERY_DISABLED","deleteProtectionState":"DELETE_PROTECTION_DISABLED","databaseEdition":"STANDARD","freeTier":true,"realtimeUpdatesMode":"REALTIME_UPDATES_MODE_ENABLED","etag":"INq7kK6c7pADMPirlrCZ7pAD"}]}
[info] 
[info] Firestore Security Rules allow you to define how and when to allow
[info] requests. You can keep these rules in your project directory
[info] and publish them with firebase deploy.
[info] 
[debug] [2025-11-13T03:49:55.331Z] Checked if tokens are valid: true, expires at: 1763009299065
[debug] [2025-11-13T03:49:55.331Z] Checked if tokens are valid: true, expires at: 1763009299065
[debug] [2025-11-13T03:49:55.331Z] >>> [apiv2][query] GET https://firebaserules.googleapis.com/v1/projects/internship-infos/releases pageSize=10&pageToken=
[debug] [2025-11-13T03:49:56.546Z] <<< [apiv2][status] GET https://firebaserules.googleapis.com/v1/projects/internship-infos/releases 200
[debug] [2025-11-13T03:49:56.546Z] <<< [apiv2][body] GET https://firebaserules.googleapis.com/v1/projects/internship-infos/releases {"releases":[{"name":"projects/internship-infos/releases/cloud.firestore","rulesetName":"projects/internship-infos/rulesets/a24550ab-3ea8-4049-bede-73d82e93c5fb","createTime":"2025-11-13T03:36:34.870052Z","updateTime":"2025-11-13T03:36:34.870052Z"}]}
[debug] [2025-11-13T03:49:56.546Z] Checked if tokens are valid: true, expires at: 1763009299065
[debug] [2025-11-13T03:49:56.546Z] Checked if tokens are valid: true, expires at: 1763009299065
[debug] [2025-11-13T03:49:56.546Z] >>> [apiv2][query] GET https://firebaserules.googleapis.com/v1/projects/internship-infos/rulesets/a24550ab-3ea8-4049-bede-73d82e93c5fb [none]
[debug] [2025-11-13T03:49:57.464Z] <<< [apiv2][status] GET https://firebaserules.googleapis.com/v1/projects/internship-infos/rulesets/a24550ab-3ea8-4049-bede-73d82e93c5fb 200
[debug] [2025-11-13T03:49:57.464Z] <<< [apiv2][body] GET https://firebaserules.googleapis.com/v1/projects/internship-infos/rulesets/a24550ab-3ea8-4049-bede-73d82e93c5fb [omitted]
[info] i  Downloaded the existing Firestore Security Rules from the Firebase console 
[info] 
[info] Firestore indexes allow you to perform complex queries while
[info] maintaining performance that scales with the size of the result
[info] set. You can keep index definitions in your project directory
[info] and publish them with firebase deploy.
[info] 
[debug] [2025-11-13T03:50:00.704Z] Checked if tokens are valid: true, expires at: 1763009299065
[debug] [2025-11-13T03:50:00.705Z] Checked if tokens are valid: true, expires at: 1763009299065
[debug] [2025-11-13T03:50:00.705Z] Checked if tokens are valid: true, expires at: 1763009299065
[debug] [2025-11-13T03:50:00.705Z] Checked if tokens are valid: true, expires at: 1763009299065
[debug] [2025-11-13T03:50:00.705Z] >>> [apiv2][query] GET https://firestore.googleapis.com/v1/projects/internship-infos/databases/(default)/collectionGroups/-/indexes [none]
[debug] [2025-11-13T03:50:00.706Z] >>> [apiv2][query] GET https://firestore.googleapis.com/v1/projects/internship-infos/databases/(default)/collectionGroups/-/fields?filter=indexConfig.usesAncestorConfig=false OR ttlConfig:* [none]
[debug] [2025-11-13T03:50:00.924Z] <<< [apiv2][status] GET https://firestore.googleapis.com/v1/projects/internship-infos/databases/(default)/collectionGroups/-/indexes 200
[debug] [2025-11-13T03:50:00.924Z] <<< [apiv2][body] GET https://firestore.googleapis.com/v1/projects/internship-infos/databases/(default)/collectionGroups/-/indexes {}
[debug] [2025-11-13T03:50:01.036Z] <<< [apiv2][status] GET https://firestore.googleapis.com/v1/projects/internship-infos/databases/(default)/collectionGroups/-/fields?filter=indexConfig.usesAncestorConfig=false OR ttlConfig:* 200
[debug] [2025-11-13T03:50:01.036Z] <<< [apiv2][body] GET https://firestore.googleapis.com/v1/projects/internship-infos/databases/(default)/collectionGroups/-/fields?filter=indexConfig.usesAncestorConfig=false OR ttlConfig:* {"fields":[{"name":"projects/internship-infos/databases/(default)/collectionGroups/__default__/fields/*","indexConfig":{"indexes":[{"queryScope":"COLLECTION","fields":[{"fieldPath":"*","order":"ASCENDING"}],"state":"READY"},{"queryScope":"COLLECTION","fields":[{"fieldPath":"*","order":"DESCENDING"}],"state":"READY"},{"queryScope":"COLLECTION","fields":[{"fieldPath":"*","arrayConfig":"CONTAINS"}],"state":"READY"}]}}]}
[info] i  Downloaded the existing Firestore indexes from the Firebase console 
[info] +  Wrote firestore.rules 
[info] +  Wrote firestore.indexes.json 
[info] 
=== Hosting Setup
[debug] [2025-11-13T03:50:01.047Z] Checked if tokens are valid: true, expires at: 1763009299065
[debug] [2025-11-13T03:50:01.047Z] Checked if tokens are valid: true, expires at: 1763009299065
[debug] [2025-11-13T03:50:01.048Z] >>> [apiv2][query] GET https://firebase.googleapis.com/v1beta1/projects/internship-infos [none]
[debug] [2025-11-13T03:50:01.472Z] <<< [apiv2][status] GET https://firebase.googleapis.com/v1beta1/projects/internship-infos 200
[debug] [2025-11-13T03:50:01.472Z] <<< [apiv2][body] GET https://firebase.googleapis.com/v1beta1/projects/internship-infos {"projectId":"internship-infos","projectNumber":"642232016135","displayName":"Internship-Infos","name":"projects/internship-infos","resources":{"hostingSite":"internship-infos"},"state":"ACTIVE","etag":"1_def8f7aa-3b22-4230-9e8f-952b7c78bad2"}
[info] 
[info] Your public directory is the folder (relative to your project directory) that
[info] will contain Hosting assets to be uploaded with firebase deploy. If you
[info] have a build process for your assets, use your build's output directory.
[info] 
[info] 
[info] i  Detected a .git folder at C:\Users\Mark\Documents\GitHub\Internship-Infos 
[info] i  Authorizing with GitHub to upload your service account to a GitHub repository's secrets store. 
[info] 
[info] Visit this URL on this device to log in:
[info] https://github.com/login/oauth/authorize?client_id=89cf50f02ac6aaed3484&state=1042329695&redirect_uri=http%3A%2F%2Flocalhost%3A9005&scope=read%3Auser%20repo%20public_repo
[info] 
[info] Waiting for authentication...
[debug] [2025-11-13T03:50:37.415Z] >>> [apiv2][query] POST https://github.com/login/oauth/access_token [none]
[debug] [2025-11-13T03:50:37.415Z] >>> [apiv2][body] POST https://github.com/login/oauth/access_token [stream]
[debug] [2025-11-13T03:50:37.702Z] <<< [apiv2][status] POST https://github.com/login/oauth/access_token 200
[debug] [2025-11-13T03:50:37.702Z] <<< [apiv2][body] POST https://github.com/login/oauth/access_token {"access_token":"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","token_type":"bearer","scope":"read:user,repo"}
[debug] [2025-11-13T03:50:37.704Z] >>> [apiv2][query] GET https://api.github.com/user [none]
[debug] [2025-11-13T03:50:38.023Z] <<< [apiv2][status] GET https://api.github.com/user 200
[debug] [2025-11-13T03:50:38.023Z] <<< [apiv2][body] GET https://api.github.com/user {"login":"Marks-VB","id":167768013,"node_id":"U_kgDOCf_vzQ","avatar_url":"https://avatars.githubusercontent.com/u/167768013?v=4","gravatar_id":"","url":"https://api.github.com/users/Marks-VB","html_url":"https://github.com/Marks-VB","followers_url":"https://api.github.com/users/Marks-VB/followers","following_url":"https://api.github.com/users/Marks-VB/following{/other_user}","gists_url":"https://api.github.com/users/Marks-VB/gists{/gist_id}","starred_url":"https://api.github.com/users/Marks-VB/starred{/owner}{/repo}","subscriptions_url":"https://api.github.com/users/Marks-VB/subscriptions","organizations_url":"https://api.github.com/users/Marks-VB/orgs","repos_url":"https://api.github.com/users/Marks-VB/repos","events_url":"https://api.github.com/users/Marks-VB/events{/privacy}","received_events_url":"https://api.github.com/users/Marks-VB/received_events","type":"User","user_view_type":"private","site_admin":false,"name":"Marcos Vinicius Barbosa","company":null,"blog":"","location":null,"email":null,"hireable":null,"bio":null,"twitter_username":null,"notification_email":null,"public_repos":3,"public_gists":0,"followers":0,"following":1,"created_at":"2024-04-22T11:21:56Z","updated_at":"2025-10-05T22:17:29Z","private_gists":0,"total_private_repos":11,"owned_private_repos":11,"disk_usage":95247,"collaborators":0,"two_factor_authentication":true,"plan":{"name":"free","space":976562499,"collaborators":0,"private_repos":10000}}
[info] 
[info] +  Success! Logged into GitHub as Marks-VB 
[info] 
[debug] [2025-11-13T03:51:33.919Z] >>> [apiv2][query] GET https://api.github.com/repos/Marks-VB/Internship-Infos/actions/secrets/public-key type=owner
[debug] [2025-11-13T03:51:34.177Z] <<< [apiv2][status] GET https://api.github.com/repos/Marks-VB/Internship-Infos/actions/secrets/public-key 404
[debug] [2025-11-13T03:51:34.178Z] <<< [apiv2][body] GET https://api.github.com/repos/Marks-VB/Internship-Infos/actions/secrets/public-key {"message":"Not Found","documentation_url":"https://docs.github.com/rest/actions/secrets#get-a-repository-public-key","status":"404"}
[info] 
[info] 
[error] !  The provided authorization cannot be used with this repository. If this repository is in an organization, did you remember to grant access? 
[info] 
[info] i  Action required: Visit this URL to ensure access has been granted to the appropriate organization(s) for the Firebase CLI GitHub OAuth App: 
[info] https://github.com/settings/connections/applications/89cf50f02ac6aaed3484
[info] 
[debug] [2025-11-13T03:51:49.142Z] >>> [apiv2][query] GET https://api.github.com/repos/Marks-VB/Internship-Infos/actions/secrets/public-key type=owner
[debug] [2025-11-13T03:51:49.402Z] <<< [apiv2][status] GET https://api.github.com/repos/Marks-VB/Internship-Infos/actions/secrets/public-key 404
[debug] [2025-11-13T03:51:49.402Z] <<< [apiv2][body] GET https://api.github.com/repos/Marks-VB/Internship-Infos/actions/secrets/public-key {"message":"Not Found","documentation_url":"https://docs.github.com/rest/actions/secrets#get-a-repository-public-key","status":"404"}
[info] 
[info] 
[error] !  The provided authorization cannot be used with this repository. If this repository is in an organization, did you remember to grant access? 
[info] 
[info] i  Action required: Visit this URL to ensure access has been granted to the appropriate organization(s) for the Firebase CLI GitHub OAuth App: 
[info] https://github.com/settings/connections/applications/89cf50f02ac6aaed3484
[info] 
[debug] [2025-11-13T03:52:08.294Z] >>> [apiv2][query] GET https://api.github.com/repos/Marks-VB/Internship-Infos/actions/secrets/public-key type=owner
[debug] [2025-11-13T03:52:08.542Z] <<< [apiv2][status] GET https://api.github.com/repos/Marks-VB/Internship-Infos/actions/secrets/public-key 404
[debug] [2025-11-13T03:52:08.542Z] <<< [apiv2][body] GET https://api.github.com/repos/Marks-VB/Internship-Infos/actions/secrets/public-key {"message":"Not Found","documentation_url":"https://docs.github.com/rest/actions/secrets#get-a-repository-public-key","status":"404"}
[info] 
[info] 
[error] !  The provided authorization cannot be used with this repository. If this repository is in an organization, did you remember to grant access? 
[info] 
[info] i  Action required: Visit this URL to ensure access has been granted to the appropriate organization(s) for the Firebase CLI GitHub OAuth App: 
[info] https://github.com/settings/connections/applications/89cf50f02ac6aaed3484
[info] 
